{"/Users/jordanlaor/code/AppleseedsBootcamp/bootcampExercises/js/advanced/toDoListNodeJS/index.js": {"path":"/Users/jordanlaor/code/AppleseedsBootcamp/bootcampExercises/js/advanced/toDoListNodeJS/index.js","statementMap":{"0":{"start":{"line":2,"column":17},"end":{"line":2,"column":19}},"1":{"start":{"line":3,"column":13},"end":{"line":3,"column":17}},"2":{"start":{"line":6,"column":2},"end":{"line":10,"column":5}},"3":{"start":{"line":14,"column":2},"end":{"line":14,"column":58}},"4":{"start":{"line":14,"column":38},"end":{"line":14,"column":56}},"5":{"start":{"line":18,"column":16},"end":{"line":18,"column":31}},"6":{"start":{"line":19,"column":2},"end":{"line":22,"column":3}},"7":{"start":{"line":20,"column":4},"end":{"line":20,"column":30}},"8":{"start":{"line":21,"column":4},"end":{"line":21,"column":20}},"9":{"start":{"line":23,"column":2},"end":{"line":23,"column":32}},"10":{"start":{"line":27,"column":16},"end":{"line":27,"column":31}},"11":{"start":{"line":28,"column":2},"end":{"line":31,"column":3}},"12":{"start":{"line":29,"column":4},"end":{"line":29,"column":63}},"13":{"start":{"line":30,"column":4},"end":{"line":30,"column":20}},"14":{"start":{"line":32,"column":2},"end":{"line":32,"column":32}},"15":{"start":{"line":36,"column":2},"end":{"line":36,"column":73}},"16":{"start":{"line":36,"column":34},"end":{"line":36,"column":71}},"17":{"start":{"line":40,"column":2},"end":{"line":40,"column":13}},"18":{"start":{"line":41,"column":2},"end":{"line":43,"column":4}},"19":{"start":{"line":42,"column":14},"end":{"line":42,"column":113}},"20":{"start":{"line":46,"column":0},"end":{"line":46,"column":21}},"21":{"start":{"line":47,"column":0},"end":{"line":47,"column":25}},"22":{"start":{"line":48,"column":0},"end":{"line":48,"column":7}},"23":{"start":{"line":49,"column":0},"end":{"line":49,"column":20}},"24":{"start":{"line":50,"column":0},"end":{"line":50,"column":23}},"25":{"start":{"line":51,"column":0},"end":{"line":51,"column":7}},"26":{"start":{"line":52,"column":0},"end":{"line":52,"column":23}},"27":{"start":{"line":53,"column":0},"end":{"line":53,"column":23}},"28":{"start":{"line":54,"column":0},"end":{"line":54,"column":7}},"29":{"start":{"line":55,"column":0},"end":{"line":55,"column":17}},"30":{"start":{"line":56,"column":0},"end":{"line":56,"column":7}},"31":{"start":{"line":59,"column":2},"end":{"line":59,"column":15}},"32":{"start":{"line":61,"column":0},"end":{"line":61,"column":111}}},"fnMap":{"0":{"name":"addItem","decl":{"start":{"line":5,"column":9},"end":{"line":5,"column":16}},"loc":{"start":{"line":5,"column":27},"end":{"line":11,"column":1}},"line":5},"1":{"name":"getTaskById","decl":{"start":{"line":13,"column":9},"end":{"line":13,"column":20}},"loc":{"start":{"line":13,"column":25},"end":{"line":15,"column":1}},"line":13},"2":{"name":"(anonymous_2)","decl":{"start":{"line":14,"column":28},"end":{"line":14,"column":29}},"loc":{"start":{"line":14,"column":38},"end":{"line":14,"column":56}},"line":14},"3":{"name":"deleteItem","decl":{"start":{"line":17,"column":9},"end":{"line":17,"column":19}},"loc":{"start":{"line":17,"column":24},"end":{"line":24,"column":1}},"line":17},"4":{"name":"toggleIsComplete","decl":{"start":{"line":26,"column":9},"end":{"line":26,"column":25}},"loc":{"start":{"line":26,"column":30},"end":{"line":33,"column":1}},"line":26},"5":{"name":"sortList","decl":{"start":{"line":35,"column":9},"end":{"line":35,"column":17}},"loc":{"start":{"line":35,"column":20},"end":{"line":37,"column":1}},"line":35},"6":{"name":"(anonymous_6)","decl":{"start":{"line":36,"column":16},"end":{"line":36,"column":17}},"loc":{"start":{"line":36,"column":34},"end":{"line":36,"column":71}},"line":36},"7":{"name":"list","decl":{"start":{"line":39,"column":9},"end":{"line":39,"column":13}},"loc":{"start":{"line":39,"column":16},"end":{"line":44,"column":1}},"line":39},"8":{"name":"(anonymous_8)","decl":{"start":{"line":42,"column":4},"end":{"line":42,"column":5}},"loc":{"start":{"line":42,"column":14},"end":{"line":42,"column":113}},"line":42},"9":{"name":"sum","decl":{"start":{"line":58,"column":9},"end":{"line":58,"column":12}},"loc":{"start":{"line":58,"column":19},"end":{"line":60,"column":1}},"line":58}},"branchMap":{"0":{"loc":{"start":{"line":19,"column":2},"end":{"line":22,"column":3}},"type":"if","locations":[{"start":{"line":19,"column":2},"end":{"line":22,"column":3}},{"start":{"line":19,"column":2},"end":{"line":22,"column":3}}],"line":19},"1":{"loc":{"start":{"line":28,"column":2},"end":{"line":31,"column":3}},"type":"if","locations":[{"start":{"line":28,"column":2},"end":{"line":31,"column":3}},{"start":{"line":28,"column":2},"end":{"line":31,"column":3}}],"line":28},"2":{"loc":{"start":{"line":42,"column":63},"end":{"line":42,"column":111}},"type":"cond-expr","locations":[{"start":{"line":42,"column":82},"end":{"line":42,"column":93}},{"start":{"line":42,"column":96},"end":{"line":42,"column":111}}],"line":42}},"s":{"0":1,"1":1,"2":4,"3":3,"4":9,"5":1,"6":1,"7":1,"8":1,"9":0,"10":2,"11":2,"12":2,"13":2,"14":0,"15":4,"16":8,"17":4,"18":4,"19":12,"20":1,"21":1,"22":1,"23":1,"24":1,"25":1,"26":1,"27":1,"28":1,"29":1,"30":1,"31":1,"32":1},"f":{"0":4,"1":3,"2":9,"3":1,"4":2,"5":4,"6":8,"7":4,"8":12,"9":1},"b":{"0":[1,0],"1":[2,0],"2":[1,11]},"_coverageSchema":"1a1c01bbd47fc00a2c39e90264f33305004495a9","hash":"5751120e93027f9a4dcf4af232ba2e857dbb0009"}
}
