TN:
SF:js/advanced/toDoListNodeJS/index.js
FN:5,addItem
FN:13,getTaskById
FN:14,(anonymous_2)
FN:17,deleteItem
FN:26,toggleIsComplete
FN:35,sortList
FN:36,(anonymous_6)
FN:39,list
FN:42,(anonymous_8)
FN:58,sum
FNF:10
FNH:10
FNDA:4,addItem
FNDA:3,getTaskById
FNDA:9,(anonymous_2)
FNDA:1,deleteItem
FNDA:2,toggleIsComplete
FNDA:4,sortList
FNDA:8,(anonymous_6)
FNDA:4,list
FNDA:12,(anonymous_8)
FNDA:1,sum
DA:2,1
DA:3,1
DA:6,4
DA:14,9
DA:18,1
DA:19,1
DA:20,1
DA:21,1
DA:23,0
DA:27,2
DA:28,2
DA:29,2
DA:30,2
DA:32,0
DA:36,8
DA:40,4
DA:41,4
DA:42,12
DA:46,1
DA:47,1
DA:48,1
DA:49,1
DA:50,1
DA:51,1
DA:52,1
DA:53,1
DA:54,1
DA:55,1
DA:56,1
DA:59,1
DA:61,1
LF:31
LH:29
BRDA:19,0,0,1
BRDA:19,0,1,0
BRDA:28,1,0,2
BRDA:28,1,1,0
BRDA:42,2,0,1
BRDA:42,2,1,11
BRF:6
BRH:4
end_of_record
